  [4;36;1mSQL (0.3ms)[0m   [0;1m SELECT name
 FROM sqlite_master
 WHERE type = 'table' AND NOT name = 'sqlite_sequence'
[0m
  [4;35;1mSQL (0.2ms)[0m   [0mselect sqlite_version(*)[0m
  [4;36;1mSQL (1.8ms)[0m   [0;1mCREATE TABLE "schema_migrations" ("version" varchar(255) NOT NULL) [0m
  [4;35;1mSQL (2.1ms)[0m   [0mCREATE UNIQUE INDEX "unique_schema_migrations" ON "schema_migrations" ("version")[0m
  [4;36;1mSQL (0.2ms)[0m   [0;1m SELECT name
 FROM sqlite_master
 WHERE type = 'table' AND NOT name = 'sqlite_sequence'
[0m
  [4;35;1mSQL (0.1ms)[0m   [0mSELECT version FROM schema_migrations[0m
Migrating to CreatePosts (20091005024810)
  [4;36;1mSQL (0.7ms)[0m   [0;1mCREATE TABLE "posts" ("id" INTEGER PRIMARY KEY AUTOINCREMENT NOT NULL, "title" varchar(255), "content" text, "published_at" datetime, "created_at" datetime, "updated_at" datetime) [0m
  [4;35;1mSQL (0.1ms)[0m   [0mINSERT INTO schema_migrations (version) VALUES ('20091005024810')[0m
  [4;36;1mSQL (0.3ms)[0m   [0;1m SELECT name
 FROM sqlite_master
 WHERE type = 'table' AND NOT name = 'sqlite_sequence'
[0m
  [4;35;1mSQL (0.1ms)[0m   [0mSELECT version FROM schema_migrations[0m
  [4;36;1mSQL (0.2ms)[0m   [0;1m SELECT name
 FROM sqlite_master
 WHERE type = 'table' AND NOT name = 'sqlite_sequence'
[0m
  [4;35;1mSQL (0.0ms)[0m   [0mPRAGMA index_list("posts")[0m


Processing PostsController#index (for 127.0.0.1 at 2009-10-04 22:49:17) [GET]
  [4;36;1mPost Load (0.5ms)[0m   [0;1mSELECT * FROM "posts" [0m
Rendering template within layouts/posts
Rendering posts/index
Completed in 56ms (View: 51, DB: 0) | 200 OK [http://localhost/posts]


Processing PostsController#index (for 127.0.0.1 at 2009-10-04 22:53:14) [GET]
  [4;35;1mPost Load (0.5ms)[0m   [0mSELECT * FROM "posts" [0m

NameError (uninitialized constant Post::Index):
  app/controllers/posts_controller.rb:8:in `index'
  app/controllers/posts_controller.rb:7:in `index'

Rendered rescues/_trace (100.8ms)
Rendered rescues/_request_and_response (1.3ms)
Rendering rescues/layout (internal_server_error)


Processing PostsController#index (for 127.0.0.1 at 2009-10-04 22:54:14) [GET]
  [4;36;1mPost Load (0.5ms)[0m   [0;1mSELECT * FROM "posts" [0m

NameError (uninitialized constant Post::Index):
  app/controllers/posts_controller.rb:8:in `index'
  app/controllers/posts_controller.rb:7:in `index'

Rendered rescues/_trace (37.3ms)
Rendered rescues/_request_and_response (1.2ms)
Rendering rescues/layout (internal_server_error)


Processing PostsController#index (for 127.0.0.1 at 2009-10-04 22:55:01) [GET]
  [4;36;1mPost Load (0.5ms)[0m   [0;1mSELECT * FROM "posts" [0m

NameError (uninitialized constant PostsController::Posts):
  app/controllers/posts_controller.rb:8:in `index'
  app/controllers/posts_controller.rb:7:in `index'

Rendered rescues/_trace (38.4ms)
Rendered rescues/_request_and_response (1.5ms)
Rendering rescues/layout (internal_server_error)


Processing PostsController#index (for 127.0.0.1 at 2009-10-04 22:55:19) [GET]
  [4;35;1mPost Load (0.4ms)[0m   [0mSELECT * FROM "posts" [0m

MissingSourceFile (no such file to load -- posts/index):
  app/controllers/posts_controller.rb:8:in `index'
  app/controllers/posts_controller.rb:7:in `index'

Rendered rescues/_trace (111.3ms)
Rendered rescues/_request_and_response (0.3ms)
Rendering rescues/layout (internal_server_error)


Processing PostsController#index (for 127.0.0.1 at 2009-10-04 22:56:22) [GET]
  [4;36;1mPost Load (0.5ms)[0m   [0;1mSELECT * FROM "posts" [0m

MissingSourceFile (no such file to load -- posts/index):
  app/controllers/posts_controller.rb:8:in `index'
  app/controllers/posts_controller.rb:7:in `index'

Rendered rescues/_trace (36.1ms)
Rendered rescues/_request_and_response (1.3ms)
Rendering rescues/layout (internal_server_error)


Processing PostsController#index (for 127.0.0.1 at 2009-10-04 23:00:32) [GET]
  [4;36;1mPost Load (0.5ms)[0m   [0;1mSELECT * FROM "posts" [0m
Rendering template within layouts/posts
Rendering posts/index
Completed in 35ms (View: 23, DB: 1) | 200 OK [http://localhost/posts]


Processing PostsController#index (for 127.0.0.1 at 2009-10-04 23:01:16) [GET]
  [4;36;1mPost Load (0.5ms)[0m   [0;1mSELECT * FROM "posts" [0m
Rendering template within layouts/posts
Rendering posts/index
Completed in 32ms (View: 17, DB: 0) | 200 OK [http://localhost/posts]


Processing PostsController#index (for 127.0.0.1 at 2009-10-04 23:01:57) [GET]
  [4;35;1mPost Load (0.6ms)[0m   [0mSELECT * FROM "posts" [0m
Rendering template within layouts/posts
Rendering posts/index
Completed in 10ms (View: 1, DB: 1) | 200 OK [http://localhost/posts]


Processing PostsController#index (for 127.0.0.1 at 2009-10-04 23:03:11) [GET]
  [4;36;1mPost Load (0.4ms)[0m   [0;1mSELECT * FROM "posts" [0m

NameError (undefined local variable or method `new_post_path' for #<Posts::Index:0x1a7d518>):
  app/views/posts/index.rb:11:in `new_post_link'
  app/controllers/posts_controller.rb:9:in `index'
  app/controllers/posts_controller.rb:7:in `index'

Rendered rescues/_trace (106.6ms)
Rendered rescues/_request_and_response (1.3ms)
Rendering rescues/layout (internal_server_error)


Processing PostsController#index (for 127.0.0.1 at 2009-10-04 23:04:43) [GET]
  [4;35;1mPost Load (0.4ms)[0m   [0mSELECT * FROM "posts" [0m

TypeError (can't convert String into Hash):
  app/views/posts/index.rb:12:in `new_post_link'
  app/controllers/posts_controller.rb:9:in `index'
  app/controllers/posts_controller.rb:7:in `index'

Rendered rescues/_trace (42.8ms)
Rendered rescues/_request_and_response (0.3ms)
Rendering rescues/layout (internal_server_error)


Processing PostsController#index (for 127.0.0.1 at 2009-10-04 23:05:19) [GET]
  [4;36;1mPost Load (0.5ms)[0m   [0;1mSELECT * FROM "posts" [0m

TypeError (can't convert String into Hash):
  app/views/posts/index.rb:12:in `new_post_link'
  app/controllers/posts_controller.rb:9:in `index'
  app/controllers/posts_controller.rb:7:in `index'

Rendered rescues/_trace (44.2ms)
Rendered rescues/_request_and_response (0.3ms)
Rendering rescues/layout (internal_server_error)


Processing PostsController#index (for 127.0.0.1 at 2009-10-04 23:05:21) [GET]
  [4;35;1mPost Load (0.3ms)[0m   [0mSELECT * FROM "posts" [0m

TypeError (can't convert String into Hash):
  app/views/posts/index.rb:12:in `new_post_link'
  app/controllers/posts_controller.rb:9:in `index'
  app/controllers/posts_controller.rb:7:in `index'

Rendered rescues/_trace (50.4ms)
Rendered rescues/_request_and_response (0.2ms)
Rendering rescues/layout (internal_server_error)


Processing PostsController#index (for 127.0.0.1 at 2009-10-04 23:12:54) [GET]

TypeError (can't convert String into Hash):
  app/views/posts/index.rb:14:in `new_post_link'
  app/controllers/posts_controller.rb:11:in `index'
  app/controllers/posts_controller.rb:5:in `index'

Rendered rescues/_trace (43.9ms)
Rendered rescues/_request_and_response (0.2ms)
Rendering rescues/layout (internal_server_error)


Processing PostsController#index (for 127.0.0.1 at 2009-10-04 23:12:57) [GET]

TypeError (can't convert String into Hash):
  app/views/posts/index.rb:14:in `new_post_link'
  app/controllers/posts_controller.rb:11:in `index'
  app/controllers/posts_controller.rb:5:in `index'

Rendered rescues/_trace (121.3ms)
Rendered rescues/_request_and_response (0.3ms)
Rendering rescues/layout (internal_server_error)


Processing PostsController#index (for 127.0.0.1 at 2009-10-04 23:15:30) [GET]

TypeError (can't convert String into Hash):
  app/views/posts/index.rb:14:in `new_post_link'
  app/controllers/posts_controller.rb:12:in `index'
  app/controllers/posts_controller.rb:5:in `index'

Rendered rescues/_trace (57.4ms)
Rendered rescues/_request_and_response (0.3ms)
Rendering rescues/layout (internal_server_error)


Processing PostsController#index (for 127.0.0.1 at 2009-10-04 23:15:31) [GET]

TypeError (can't convert String into Hash):
  app/views/posts/index.rb:14:in `new_post_link'
  app/controllers/posts_controller.rb:12:in `index'
  app/controllers/posts_controller.rb:5:in `index'

Rendered rescues/_trace (42.0ms)
Rendered rescues/_request_and_response (0.2ms)
Rendering rescues/layout (internal_server_error)


Processing PostsController#index (for 127.0.0.1 at 2009-10-04 23:15:45) [GET]
Rendering template within layouts/posts
Rendering posts/index
Completed in 69ms (View: 5, DB: 0) | 200 OK [http://localhost/posts]


Processing PostsController#index (for 127.0.0.1 at 2009-10-04 23:16:23) [GET]
Rendering template within layouts/posts
Rendering posts/index
Completed in 5ms (View: 1, DB: 0) | 200 OK [http://localhost/posts]


Processing PostsController#index (for 127.0.0.1 at 2009-10-04 23:16:38) [GET]
Rendering template within layouts/posts
Rendering posts/index
Completed in 8ms (View: 4, DB: 0) | 200 OK [http://localhost/posts]


Processing PostsController#index (for 127.0.0.1 at 2009-10-04 23:16:43) [GET]
Rendering template within layouts/posts
Rendering posts/index
Completed in 10ms (View: 2, DB: 0) | 200 OK [http://localhost/posts]


Processing PostsController#index (for 127.0.0.1 at 2009-10-04 23:16:54) [GET]
Rendering template within layouts/posts
Rendering posts/index
Completed in 6ms (View: 4, DB: 0) | 200 OK [http://localhost/posts]


Processing PostsController#index (for 127.0.0.1 at 2009-10-04 23:16:54) [GET]
Rendering template within layouts/posts
Rendering posts/index
Completed in 7ms (View: 4, DB: 0) | 200 OK [http://localhost/posts]


Processing PostsController#index (for 127.0.0.1 at 2009-10-04 23:16:55) [GET]
Rendering template within layouts/posts
Rendering posts/index
Completed in 6ms (View: 3, DB: 0) | 200 OK [http://localhost/posts]


Processing PostsController#index (for 127.0.0.1 at 2009-10-04 23:16:55) [GET]
Rendering template within layouts/posts
Rendering posts/index
Completed in 9ms (View: 6, DB: 0) | 200 OK [http://localhost/posts]


Processing PostsController#index (for 127.0.0.1 at 2009-10-04 23:16:55) [GET]
Rendering template within layouts/posts
Rendering posts/index
Completed in 4ms (View: 1, DB: 0) | 200 OK [http://localhost/posts]


Processing PostsController#index (for 127.0.0.1 at 2009-10-04 23:16:56) [GET]
Rendering template within layouts/posts
Rendering posts/index
Completed in 10ms (View: 2, DB: 0) | 200 OK [http://localhost/posts]


Processing PostsController#index (for 127.0.0.1 at 2009-10-04 23:16:56) [GET]
Rendering template within layouts/posts
Rendering posts/index
Completed in 3ms (View: 1, DB: 0) | 200 OK [http://localhost/posts]


Processing PostsController#index (for 127.0.0.1 at 2009-10-04 23:16:56) [GET]
Rendering template within layouts/posts
Rendering posts/index
Completed in 5ms (View: 3, DB: 0) | 200 OK [http://localhost/posts]


Processing PostsController#index (for 127.0.0.1 at 2009-10-04 23:17:05) [GET]
Rendering template within layouts/posts
Rendering posts/index
Completed in 4ms (View: 2, DB: 0) | 200 OK [http://localhost/posts]


Processing PostsController#index (for 127.0.0.1 at 2009-10-04 23:17:05) [GET]
Rendering template within layouts/posts
Rendering posts/index
Completed in 3ms (View: 1, DB: 0) | 200 OK [http://localhost/posts]


Processing PostsController#index (for 127.0.0.1 at 2009-10-04 23:17:05) [GET]
Rendering template within layouts/posts
Rendering posts/index
Completed in 4ms (View: 3, DB: 0) | 200 OK [http://localhost/posts]


Processing PostsController#index (for 127.0.0.1 at 2009-10-04 23:21:38) [GET]
Rendering template within layouts/posts
Rendering posts/index
Completed in 76ms (View: 2, DB: 0) | 200 OK [http://localhost/posts]


Processing PostsController#index (for 127.0.0.1 at 2009-10-04 23:21:39) [GET]
Rendering template within layouts/posts
Rendering posts/index
Completed in 11ms (View: 9, DB: 0) | 200 OK [http://localhost/posts]


Processing PostsController#index (for 127.0.0.1 at 2009-10-04 23:21:39) [GET]
Rendering template within layouts/posts
Rendering posts/index
Completed in 6ms (View: 3, DB: 0) | 200 OK [http://localhost/posts]


Processing PostsController#index (for 127.0.0.1 at 2009-10-04 23:21:55) [GET]

ActionView::MissingTemplate (Missing template posts/index.erb in view path app/views):
  

Rendering rescues/layout (internal_server_error)


Processing PostsController#index (for 127.0.0.1 at 2009-10-04 23:22:58) [GET]
Completed in 8ms (View: 1, DB: 0) | 200 OK [http://localhost/posts]


Processing PostsController#index (for 127.0.0.1 at 2009-10-04 23:23:11) [GET]

ActionView::MissingTemplate (Missing template posts/index.erb in view path app/views):
  app/controllers/posts_controller.rb:11:in `index'
  app/controllers/posts_controller.rb:5:in `index'

Rendering rescues/layout (internal_server_error)


Processing PostsController#index (for 127.0.0.1 at 2009-10-04 23:23:15) [GET]
Completed in 8ms (View: 1, DB: 0) | 200 OK [http://localhost/posts]


Processing PostsController#index (for 127.0.0.1 at 2009-10-04 23:23:27) [GET]
Rendering template within layouts/posts
Rendering <h1>Listing posts</h1>

<table>
  <tr>
    <th>Title</th>
    <th>Content</th>
    <th>Published at</th>
  </tr>

</table>

<br />

&lt;a href=&quot;/posts/new&quot;&gt;New post&lt;/a&gt;

ActionView::MissingTemplate (Missing template <h1>Listing posts</h1>

<table>
  <tr>
    <th>Title</th>
    <th>Content</th>
    <th>Published at</th>
  </tr>

</table>

<br />

&lt;a href=&quot;/posts/new&quot;&gt;New post&lt;/a&gt;
.erb in view path app/views):
  app/controllers/posts_controller.rb:11:in `index'
  app/controllers/posts_controller.rb:5:in `index'

Rendering rescues/layout (internal_server_error)


Processing PostsController#index (for 127.0.0.1 at 2009-10-04 23:33:11) [GET]

NoMethodError (undefined method `render_mustache' for #<PostsController:0x22e40a8>):
  app/controllers/posts_controller.rb:7:in `index'
  app/controllers/posts_controller.rb:5:in `index'

Rendered rescues/_trace (37.7ms)
Rendered rescues/_request_and_response (1.3ms)
Rendering rescues/layout (internal_server_error)


Processing PostsController#index (for 127.0.0.1 at 2009-10-04 23:34:26) [GET]
Completed in 131ms (View: 124, DB: 0) | 200 OK [http://localhost/posts]


Processing PostsController#index (for 127.0.0.1 at 2009-10-04 23:34:29) [GET]
Completed in 6ms (View: 2, DB: 0) | 200 OK [http://localhost/posts]


Processing PostsController#index (for 127.0.0.1 at 2009-10-04 23:34:43) [GET]
Completed in 6ms (View: 1, DB: 0) | 200 OK [http://localhost/posts]


Processing PostsController#index (for 127.0.0.1 at 2009-10-04 23:34:55) [GET]
Completed in 66ms (View: 1, DB: 0) | 200 OK [http://localhost/posts]


Processing PostsController#index (for 127.0.0.1 at 2009-10-04 23:35:55) [GET]
Completed in 48ms (View: 40, DB: 0) | 200 OK [http://localhost/posts]


Processing PostsController#index (for 127.0.0.1 at 2009-10-04 23:36:22) [GET]
Completed in 8ms (View: 1, DB: 0) | 200 OK [http://localhost/posts]


Processing PostsController#index (for 127.0.0.1 at 2009-10-04 23:36:23) [GET]
Completed in 9ms (View: 1, DB: 0) | 200 OK [http://localhost/posts]


Processing PostsController#index (for 127.0.0.1 at 2009-10-04 23:36:31) [GET]
Completed in 9ms (View: 1, DB: 0) | 200 OK [http://localhost/posts]


Processing PostsController#index (for 127.0.0.1 at 2009-10-04 23:37:18) [GET]
Completed in 6ms (View: 1, DB: 0) | 200 OK [http://localhost/posts]


Processing PostsController#index (for 127.0.0.1 at 2009-10-04 23:38:31) [GET]

RuntimeError (Can't find new_post_link in {}):
  app/controllers/posts_controller.rb:18:in `render_mustache'
  app/controllers/posts_controller.rb:5:in `index'

Rendered rescues/_trace (48.4ms)
Rendered rescues/_request_and_response (0.3ms)
Rendering rescues/layout (internal_server_error)


Processing PostsController#index (for 127.0.0.1 at 2009-10-04 23:38:58) [GET]

RuntimeError (Can't find new_post_link in {}):
  app/controllers/posts_controller.rb:18:in `render_mustache'
  app/controllers/posts_controller.rb:5:in `index'

Rendered rescues/_trace (115.2ms)
Rendered rescues/_request_and_response (0.3ms)
Rendering rescues/layout (internal_server_error)


Processing PostsController#index (for 127.0.0.1 at 2009-10-05 00:39:52) [GET]

NameError (uninitialized constant Posts::Index):
  app/controllers/posts_controller.rb:5:in `index'

Rendered rescues/_trace (35.1ms)
Rendered rescues/_request_and_response (1.4ms)
Rendering rescues/layout (internal_server_error)


Processing PostsController#index (for 127.0.0.1 at 2009-10-05 00:40:03) [GET]

NoMethodError (undefined method `template_file=' for Posts::Index:Class):
  app/mustaches/posts/index.rb:7
  app/controllers/posts_controller.rb:5:in `index'

Rendered rescues/_trace (38.1ms)
Rendered rescues/_request_and_response (1.2ms)
Rendering rescues/layout (internal_server_error)


Processing PostsController#index (for 127.0.0.1 at 2009-10-05 00:45:24) [GET]
Rendering template within layouts/posts
Rendering posts/index

ActionView::TemplateError (undefined local variable or method `posts' for #<ActionView::Base:0x22e3950>) on line #1 of app/views/posts/index.html.mustache:
1: <h1>Listing posts</h1>
2: 
3: <table>
4:   <tr>

    app/views/posts/index.html.mustache:1:in `_run_mustache_app47views47posts47index46html46mustache'

Rendered rescues/_trace (42.1ms)
Rendered rescues/_request_and_response (1.4ms)
Rendering rescues/layout (internal_server_error)


Processing PostsController#index (for 127.0.0.1 at 2009-10-05 00:46:10) [GET]
Rendering template within layouts/posts
Rendering posts/index

ActionView::TemplateError (undefined local variable or method `posts' for #<ActionView::Base:0x27fe570>) on line #1 of app/views/posts/index.html.mustache:
1: <h1>Listing posts</h1>
2: 
3: <table>
4:   <tr>

    app/views/posts/index.html.mustache:1:in `_run_mustache_app47views47posts47index46html46mustache'

Rendered rescues/_trace (41.7ms)
Rendered rescues/_request_and_response (0.2ms)
Rendering rescues/layout (internal_server_error)


Processing PostsController#index (for 127.0.0.1 at 2009-10-05 00:46:12) [GET]
Rendering template within layouts/posts
Rendering posts/index

ActionView::TemplateError (undefined local variable or method `posts' for #<ActionView::Base:0x23587a0>) on line #1 of app/views/posts/index.html.mustache:
1: <h1>Listing posts</h1>
2: 
3: <table>
4:   <tr>

    app/views/posts/index.html.mustache:1:in `_run_mustache_app47views47posts47index46html46mustache'

Rendered rescues/_trace (41.9ms)
Rendered rescues/_request_and_response (0.3ms)
Rendering rescues/layout (internal_server_error)


Processing PostsController#index (for 127.0.0.1 at 2009-10-05 00:46:45) [GET]
Rendering template within layouts/posts
Rendering posts/index

***** The 'breakpoint' command has been renamed 'debugger' -- please change *****

***** Debugger requested, but was not available: Start server with --debugger to enable *****

ActionView::TemplateError (undefined local variable or method `posts' for #<ActionView::Base:0x22e389c>) on line #1 of app/views/posts/index.html.mustache:
1: <h1>Listing posts</h1>
2: 
3: <table>
4:   <tr>

    app/views/posts/index.html.mustache:1:in `_run_mustache_app47views47posts47index46html46mustache'

Rendered rescues/_trace (41.9ms)
Rendered rescues/_request_and_response (1.5ms)
Rendering rescues/layout (internal_server_error)


Processing PostsController#index (for 127.0.0.1 at 2009-10-05 00:47:04) [GET]
Rendering template within layouts/posts
Rendering posts/index

***** Debugger requested, but was not available: Start server with --debugger to enable *****

ActionView::TemplateError (undefined local variable or method `posts' for #<ActionView::Base:0x22e389c>) on line #1 of app/views/posts/index.html.mustache:
1: <h1>Listing posts</h1>
2: 
3: <table>
4:   <tr>

    app/views/posts/index.html.mustache:1:in `_run_mustache_app47views47posts47index46html46mustache'

Rendered rescues/_trace (41.4ms)
Rendered rescues/_request_and_response (1.4ms)
Rendering rescues/layout (internal_server_error)


Processing PostsController#index (for 127.0.0.1 at 2009-10-05 00:47:17) [GET]
Rendering template within layouts/posts
Rendering posts/index

ActionView::TemplateError (undefined local variable or method `posts' for #<ActionView::Base:0x27806fc>) on line #1 of app/views/posts/index.html.mustache:
1: <h1>Listing posts</h1>
2: 
3: <table>
4:   <tr>

    app/views/posts/index.html.mustache:1:in `_run_mustache_app47views47posts47index46html46mustache'

Rendered rescues/_trace (58.2ms)
Rendered rescues/_request_and_response (1.6ms)
Rendering rescues/layout (internal_server_error)


Processing PostsController#index (for 127.0.0.1 at 2009-10-05 00:47:53) [GET]
Rendering template within layouts/posts
Rendering posts/index

ActionView::TemplateError (undefined local variable or method `posts' for #<ActionView::Base:0x1a7b650>) on line #1 of app/views/posts/index.html.mustache:
1: <h1>Listing posts</h1>
2: 
3: <table>
4:   <tr>

    app/views/posts/index.html.mustache:1:in `_run_mustache_app47views47posts47index46html46mustache'

Rendered rescues/_trace (133.2ms)
Rendered rescues/_request_and_response (0.3ms)
Rendering rescues/layout (internal_server_error)


Processing PostsController#index (for 127.0.0.1 at 2009-10-05 00:48:05) [GET]
Rendering template within layouts/posts
Rendering posts/index

ActionView::TemplateError (undefined local variable or method `posts' for #<ActionView::Base:0x27806fc>) on line #1 of app/views/posts/index.html.mustache:
1: <h1>Listing posts</h1>
2: 
3: <table>
4:   <tr>

    app/views/posts/index.html.mustache:1:in `_run_mustache_app47views47posts47index46html46mustache'

Rendered rescues/_trace (61.1ms)
Rendered rescues/_request_and_response (1.7ms)
Rendering rescues/layout (internal_server_error)


Processing PostsController#index (for 127.0.0.1 at 2009-10-05 00:48:35) [GET]
Rendering template within layouts/posts
Rendering posts/index

ActionView::TemplateError (undefined local variable or method `posts' for #<ActionView::Base:0x278074c>) on line #1 of app/views/posts/index.html.mustache:
1: <h1>Listing posts</h1>
2: 
3: <table>
4:   <tr>

    app/views/posts/index.html.mustache:1:in `_run_mustache_app47views47posts47index46html46mustache'

Rendered rescues/_trace (57.8ms)
Rendered rescues/_request_and_response (1.6ms)
Rendering rescues/layout (internal_server_error)


Processing PostsController#index (for 127.0.0.1 at 2009-10-05 00:49:41) [GET]
Rendering template within layouts/posts
Rendering posts/index

ActionView::TemplateError (undefined local variable or method `posts' for #<ActionView::Base:0x22e384c>) on line #1 of app/views/posts/index.html.mustache:
1: <h1>Listing posts</h1>
2: 
3: <table>
4:   <tr>

    app/views/posts/index.html.mustache:1:in `_run_mustache_app47views47posts47index46html46mustache'

Rendered rescues/_trace (43.9ms)
Rendered rescues/_request_and_response (1.6ms)
Rendering rescues/layout (internal_server_error)


Processing PostsController#index (for 127.0.0.1 at 2009-10-05 00:50:04) [GET]
Rendering template within layouts/posts
Rendering posts/index

ActionView::TemplateError (undefined local variable or method `posts' for #<ActionView::Base:0x22e384c>) on line #1 of app/views/posts/index.html.mustache:
1: <h1>Listing posts</h1>
2: 
3: <table>
4:   <tr>

    app/views/posts/index.html.mustache:1:in `_run_mustache_app47views47posts47index46html46mustache'

Rendered rescues/_trace (41.9ms)
Rendered rescues/_request_and_response (1.4ms)
Rendering rescues/layout (internal_server_error)


Processing PostsController#index (for 127.0.0.1 at 2009-10-05 00:51:08) [GET]
Rendering template within layouts/posts
Rendering posts/index

ActionView::TemplateError (undefined local variable or method `posts' for #<ActionView::Base:0x27806fc>) on line #1 of app/views/posts/index.html.mustache:
1: <h1>Listing posts</h1>
2: 
3: <table>
4:   <tr>

    app/views/posts/index.html.mustache:1:in `_run_mustache_app47views47posts47index46html46mustache'

Rendered rescues/_trace (63.0ms)
Rendered rescues/_request_and_response (1.5ms)
Rendering rescues/layout (internal_server_error)


Processing PostsController#index (for 127.0.0.1 at 2009-10-05 00:51:52) [GET]
Rendering template within layouts/posts
Rendering posts/index

***** The 'breakpoint' command has been renamed 'debugger' -- please change *****

ActionView::TemplateError (undefined method `template_path=' for #<Mustache:0x26df0f4>) on line #5 of app/views/posts/index.html.mustache:
2: 
3: <table>
4:   <tr>
5:     <th>Title</th>
6:     <th>Content</th>
7:     <th>Published at</th>
8:   </tr>

    app/views/posts/index.html.mustache:5:in `_run_mustache_app47views47posts47index46html46mustache'

Rendered rescues/_trace (61.7ms)
Rendered rescues/_request_and_response (1.5ms)
Rendering rescues/layout (internal_server_error)


Processing PostsController#index (for 127.0.0.1 at 2009-10-05 00:52:34) [GET]
Rendering template within layouts/posts
Rendering posts/index

***** The 'breakpoint' command has been renamed 'debugger' -- please change *****

ActionView::TemplateError (No such file or directory - posts/index.html.mustache) on line #6 of app/views/posts/index.html.mustache:
3: <table>
4:   <tr>
5:     <th>Title</th>
6:     <th>Content</th>
7:     <th>Published at</th>
8:   </tr>
9: 

    app/views/posts/index.html.mustache:6:in `_run_mustache_app47views47posts47index46html46mustache'

Rendered rescues/_trace (61.9ms)
Rendered rescues/_request_and_response (1.5ms)
Rendering rescues/layout (internal_server_error)


Processing PostsController#index (for 127.0.0.1 at 2009-10-05 00:53:19) [GET]
Rendering template within layouts/posts
Rendering posts/index

***** The 'breakpoint' command has been renamed 'debugger' -- please change *****

ActionView::TemplateError (Can't find new_post_link in {}) on line #6 of app/views/posts/index.html.mustache:
3: <table>
4:   <tr>
5:     <th>Title</th>
6:     <th>Content</th>
7:     <th>Published at</th>
8:   </tr>
9: 

    app/views/posts/index.html.mustache:6:in `_run_mustache_app47views47posts47index46html46mustache'

Rendered rescues/_trace (67.7ms)
Rendered rescues/_request_and_response (1.5ms)
Rendering rescues/layout (internal_server_error)


Processing PostsController#index (for 127.0.0.1 at 2009-10-05 00:54:16) [GET]
Rendering template within layouts/posts
Rendering posts/index

***** The 'breakpoint' command has been renamed 'debugger' -- please change *****

ActionView::TemplateError (Can't find new_post_href in {}) on line #6 of app/views/posts/index.html.mustache:
3: <table>
4:   <tr>
5:     <th>Title</th>
6:     <th>Content</th>
7:     <th>Published at</th>
8:   </tr>
9: 

    app/views/posts/index.html.mustache:6:in `_run_mustache_app47views47posts47index46html46mustache'

Rendered rescues/_trace (144.4ms)
Rendered rescues/_request_and_response (0.3ms)
Rendering rescues/layout (internal_server_error)


Processing PostsController#index (for 127.0.0.1 at 2009-10-05 01:00:20) [GET]
Rendering template within layouts/posts
Rendering posts/index

***** The 'breakpoint' command has been renamed 'debugger' -- please change *****

ActionView::TemplateError (Can't find new_post_href in {}) on line #6 of app/views/posts/index.html.mustache:
3: <table>
4:   <tr>
5:     <th>Title</th>
6:     <th>Content</th>
7:     <th>Published at</th>
8:   </tr>
9: 

    app/views/posts/index.html.mustache:6:in `_run_mustache_app47views47posts47index46html46mustache'

Rendered rescues/_trace (61.2ms)
Rendered rescues/_request_and_response (1.5ms)
Rendering rescues/layout (internal_server_error)


Processing PostsController#index (for 127.0.0.1 at 2009-10-05 01:00:31) [GET]
Rendering template within layouts/posts
Rendering posts/index

***** The 'breakpoint' command has been renamed 'debugger' -- please change *****


Processing PostsController#index (for 127.0.0.1 at 2009-10-05 01:02:07) [GET]
Rendering template within layouts/posts
Rendering posts/index

***** The 'breakpoint' command has been renamed 'debugger' -- please change *****

ActionView::TemplateError (Can't find new_post_href in {}) on line #6 of app/views/posts/index.html.mustache:
3: <table>
4:   <tr>
5:     <th>Title</th>
6:     <th>Content</th>
7:     <th>Published at</th>
8:   </tr>
9: 

    app/views/posts/index.html.mustache:6:in `_run_mustache_app47views47posts47index46html46mustache'

Rendered rescues/_trace (64.4ms)
Rendered rescues/_request_and_response (1.5ms)
Rendering rescues/layout (internal_server_error)


Processing PostsController#index (for 127.0.0.1 at 2009-10-05 01:02:33) [GET]
Rendering template within layouts/posts
Rendering posts/index

***** The 'breakpoint' command has been renamed 'debugger' -- please change *****

***** Debugger requested, but was not available: Start server with --debugger to enable *****

ActionView::TemplateError (Can't find new_post_href in {}) on line #6 of app/views/posts/index.html.mustache:
3: <table>
4:   <tr>
5:     <th>Title</th>
6:     <th>Content</th>
7:     <th>Published at</th>
8:   </tr>
9: 

    app/views/posts/index.html.mustache:6:in `_run_mustache_app47views47posts47index46html46mustache'

Rendered rescues/_trace (116.0ms)
Rendered rescues/_request_and_response (1.3ms)
Rendering rescues/layout (internal_server_error)


Processing PostsController#index (for 127.0.0.1 at 2009-10-05 01:03:37) [GET]
Rendering template within layouts/posts
Rendering posts/index

***** The 'breakpoint' command has been renamed 'debugger' -- please change *****


Processing PostsController#index (for 127.0.0.1 at 2009-10-05 01:05:27) [GET]
Rendering template within layouts/posts
Rendering posts/index


Processing PostsController#index (for 127.0.0.1 at 2009-10-05 01:06:45) [GET]
Rendering template within layouts/posts
Rendering posts/index

ActionView::TemplateError (undefined method `classify' for #<Enumerable::Enumerator:0x22aaa9c>) on line #1 of app/views/posts/index.html.mustache:
1: <h1>Listing posts</h1>
2: 
3: <table>
4:   <tr>

    app/views/posts/index.html.mustache:1:in `_run_mustache_app47views47posts47index46html46mustache'

Rendered rescues/_trace (41.2ms)
Rendered rescues/_request_and_response (1.4ms)
Rendering rescues/layout (internal_server_error)


Processing PostsController#index (for 127.0.0.1 at 2009-10-05 01:07:12) [GET]
Rendering template within layouts/posts
Rendering posts/index

ActionView::TemplateError (undefined method `template_file=' for Posts::Index:Class) on line #2 of app/views/posts/index.html.mustache:
1: <h1>Listing posts</h1>
2: 
3: <table>
4:   <tr>
5:     <th>Title</th>

    app/mustaches/posts/index.rb:7
    app/views/posts/index.html.mustache:2:in `_run_mustache_app47views47posts47index46html46mustache'

Rendered rescues/_trace (129.5ms)
Rendered rescues/_request_and_response (1.3ms)
Rendering rescues/layout (internal_server_error)


Processing PostsController#index (for 127.0.0.1 at 2009-10-05 01:08:04) [GET]
Rendering template within layouts/posts
Rendering posts/index

***** Debugger requested, but was not available: Start server with --debugger to enable *****

ActionView::TemplateError (You have a nil object when you didn't expect it!
The error occurred while evaluating nil.url_for) on line #5 of app/views/posts/index.html.mustache:
2: 
3: <table>
4:   <tr>
5:     <th>Title</th>
6:     <th>Content</th>
7:     <th>Published at</th>
8:   </tr>

    (eval):20:in `new_post_path'
    app/mustaches/posts/index.rb:12:in `new_post_href'
    app/views/posts/index.html.mustache:5:in `_run_mustache_app47views47posts47index46html46mustache'

Rendered rescues/_trace (45.6ms)
Rendered rescues/_request_and_response (0.3ms)
Rendering rescues/layout (internal_server_error)


Processing PostsController#index (for 127.0.0.1 at 2009-10-05 01:16:39) [GET]
Rendering template within layouts/posts
Rendering posts/index
Completed in 13ms (View: 11, DB: 0) | 200 OK [http://localhost/posts]


Processing PostsController#index (for 127.0.0.1 at 2009-10-05 01:17:07) [GET]
Rendering template within layouts/posts
Rendering posts/index
Completed in 8ms (View: 5, DB: 0) | 200 OK [http://localhost/posts]


Processing PostsController#index (for 127.0.0.1 at 2009-10-05 01:17:15) [GET]
Rendering template within layouts/posts
Rendering posts/index

***** Debugger requested, but was not available: Start server with --debugger to enable *****

ActionView::TemplateError (You have a nil object when you didn't expect it!
The error occurred while evaluating nil.url_for) on line #1 of app/views/posts/index.html.mustache:
1: <h1>Listing posts</h1>
2: 
3: <table>
4:   <tr>

    (eval):20:in `new_post_path'
    app/mustaches/posts/index.rb:12:in `new_post_href'
    config/initializers/mustache_ride.rb:7:in `render'
    app/views/posts/index.html.mustache:1:in `_run_mustache_app47views47posts47index46html46mustache'

Rendered rescues/_trace (117.8ms)
Rendered rescues/_request_and_response (1.3ms)
Rendering rescues/layout (internal_server_error)


Processing PostsController#index (for 127.0.0.1 at 2009-10-05 01:17:47) [GET]
Rendering template within layouts/posts
Rendering posts/index

***** Debugger requested, but was not available: Start server with --debugger to enable *****
Completed in 9ms (View: 5, DB: 0) | 200 OK [http://localhost/posts]


Processing PostsController#index (for 127.0.0.1 at 2009-10-05 01:18:17) [GET]
Rendering template within layouts/posts
Rendering posts/index
Completed in 6203ms (View: 6201, DB: 0) | 200 OK [http://localhost/posts]


Processing PostsController#index (for 127.0.0.1 at 2009-10-05 01:18:47) [GET]
Rendering template within layouts/posts
Rendering posts/index
Completed in 23ms (View: 21, DB: 0) | 200 OK [http://localhost/posts]


Processing PostsController#index (for 127.0.0.1 at 2009-10-05 01:21:20) [GET]
Rendering template within layouts/posts
Rendering posts/index
Completed in 24ms (View: 21, DB: 0) | 200 OK [http://localhost/posts]


Processing PostsController#index (for 127.0.0.1 at 2009-10-05 01:26:05) [GET]
Rendering template within layouts/posts
Rendering posts/index
Completed in 18725ms (View: 18723, DB: 0) | 200 OK [http://localhost/posts]


Processing PostsController#index (for 127.0.0.1 at 2009-10-05 01:26:33) [GET]
Rendering template within layouts/posts
Rendering posts/index
Completed in 93578ms (View: 93575, DB: 0) | 200 OK [http://localhost/posts]


Processing PostsController#index (for 127.0.0.1 at 2009-10-05 01:28:59) [GET]
Rendering template within layouts/posts
Rendering posts/index
Completed in 29ms (View: 27, DB: 0) | 200 OK [http://localhost/posts]


Processing PostsController#index (for 127.0.0.1 at 2009-10-05 01:30:53) [GET]
Rendering template within layouts/posts
Rendering posts/index
Completed in 24ms (View: 22, DB: 0) | 200 OK [http://localhost/posts]


Processing PostsController#index (for 127.0.0.1 at 2009-10-05 01:31:12) [GET]
Rendering template within layouts/posts
Rendering posts/index
Completed in 21ms (View: 19, DB: 0) | 200 OK [http://localhost/posts]


Processing PostsController#index (for 127.0.0.1 at 2009-10-05 01:31:17) [GET]
Rendering template within layouts/posts
Rendering posts/index
Completed in 9ms (View: 8, DB: 0) | 200 OK [http://localhost/posts]


Processing PostsController#index (for 127.0.0.1 at 2009-10-05 01:32:01) [GET]
Rendering template within layouts/posts
Rendering posts/index
Completed in 7ms (View: 5, DB: 0) | 200 OK [http://localhost/posts]


Processing PostsController#index (for 127.0.0.1 at 2009-10-05 01:32:53) [GET]
Rendering template within layouts/posts
Rendering posts/index
Completed in 16ms (View: 14, DB: 0) | 200 OK [http://localhost/posts]


Processing PostsController#index (for 127.0.0.1 at 2009-10-05 01:42:51) [GET]
Rendering template within layouts/posts
Rendering posts/index
Completed in 6ms (View: 4, DB: 0) | 200 OK [http://localhost/posts]


Processing PostsController#index (for 127.0.0.1 at 2009-10-05 01:43:24) [GET]
Rendering template within layouts/posts
Rendering posts/index

ActionView::TemplateError (uninitialized constant Posts) on line #1 of app/views/posts/index.html.mustache:
1: <h1>Listing posts</h1>
2: 
3: <table>
4:   <tr>

    config/initializers/mustache_ride.rb:11:in `render'
    app/views/posts/index.html.mustache:1:in `_run_mustache_app47views47posts47index46html46mustache'

Rendered rescues/_trace (136.1ms)
Rendered rescues/_request_and_response (1.3ms)
Rendering rescues/layout (internal_server_error)


Processing PostsController#index (for 127.0.0.1 at 2009-10-05 01:45:25) [GET]
Rendering template within layouts/posts
Rendering posts/index

ActionView::TemplateError (uninitialized constant Posts) on line #1 of app/views/posts/index.html.mustache:
1: <h1>Listing posts</h1>
2: 
3: <table>
4:   <tr>

    config/initializers/mustache_ride.rb:11:in `render'
    app/views/posts/index.html.mustache:1:in `_run_mustache_app47views47posts47index46html46mustache'

Rendered rescues/_trace (114.4ms)
Rendered rescues/_request_and_response (1.3ms)
Rendering rescues/layout (internal_server_error)


Processing PostsController#index (for 127.0.0.1 at 2009-10-05 02:13:58) [GET]
Rendering template within layouts/posts
Rendering posts/index

ActionView::TemplateError (uninitialized constant Posts) on line #1 of app/views/posts/index.html.mustache:
1: <h1>Listing posts</h1>
2: 
3: <table>
4:   <tr>

    config/initializers/mustache_ride.rb:11:in `render'
    app/views/posts/index.html.mustache:1:in `_run_mustache_app47views47posts47index46html46mustache'

Rendered rescues/_trace (48.8ms)
Rendered rescues/_request_and_response (0.3ms)
Rendering rescues/layout (internal_server_error)


Processing PostsController#index (for 127.0.0.1 at 2009-10-05 02:14:56) [GET]
Rendering template within layouts/posts
Rendering posts/index
Completed in 74ms (View: 73, DB: 0) | 200 OK [http://localhost/posts]


Processing PostsController#index (for 127.0.0.1 at 2009-10-05 02:17:55) [GET]
Rendering template within layouts/posts
Rendering posts/index
  [4;36;1mPost Load (4.8ms)[0m   [0;1mSELECT * FROM "posts" [0m
Completed in 51ms (View: 45, DB: 5) | 200 OK [http://localhost/posts]


Processing PostsController#index (for 127.0.0.1 at 2009-10-05 02:18:04) [GET]
Rendering template within layouts/posts
Rendering posts/index
  [4;36;1mPost Load (0.5ms)[0m   [0;1mSELECT * FROM "posts" [0m
Completed in 19ms (View: 17, DB: 0) | 200 OK [http://localhost/posts]


Processing PostsController#new (for 127.0.0.1 at 2009-10-05 02:18:06) [GET]
Rendering template within layouts/posts
Rendering posts/new
Completed in 265ms (View: 260, DB: 0) | 200 OK [http://localhost/posts/new]


Processing PostsController#create (for 127.0.0.1 at 2009-10-05 02:18:10) [POST]
  Parameters: {"commit"=>"Create", "post"=>{"title"=>"test", "published_at(1i)"=>"2009", "published_at(2i)"=>"10", "published_at(3i)"=>"5", "published_at(4i)"=>"06", "content"=>"test32", "published_at(5i)"=>"18"}, "authenticity_token"=>"MqvBNEsazJkz4NJVeUuDHmqXPuf8d/+Nh29Nq2KXRG0="}
  [4;35;1mPost Create (24.5ms)[0m   [0mINSERT INTO "posts" ("created_at", "title", "updated_at", "content", "published_at") VALUES('2009-10-05 06:18:10', 'test', '2009-10-05 06:18:10', 'test32', '2009-10-05 06:18:00')[0m
Redirected to http://localhost:3000/posts/1
Completed in 39ms (DB: 25) | 302 Found [http://localhost/posts]


Processing PostsController#show (for 127.0.0.1 at 2009-10-05 02:18:10) [GET]
  Parameters: {"id"=>"1"}
  [4;36;1mPost Load (0.2ms)[0m   [0;1mSELECT * FROM "posts" WHERE ("posts"."id" = 1) [0m
Rendering template within layouts/posts
Rendering posts/show
Completed in 21ms (View: 16, DB: 0) | 200 OK [http://localhost/posts/1]


Processing PostsController#index (for 127.0.0.1 at 2009-10-05 02:18:11) [GET]
Rendering template within layouts/posts
Rendering posts/index
  [4;35;1mPost Load (0.4ms)[0m   [0mSELECT * FROM "posts" [0m

ActionView::TemplateError (Can't find title in {"created_at"=>Mon Oct 05 06:18:10 UTC 2009, "title"=>"test", "updated_at"=>Mon Oct 05 06:18:10 UTC 2009, "id"=>1, "content"=>"test32", "published_at"=>Mon Oct 05 06:18:00 UTC 2009}) on line #1 of app/views/posts/index.html.mustache:
1: <h1>Listing posts</h1>
2: 
3: <table>
4:   <tr>

    config/initializers/mustache_ride.rb:18:in `render'
    app/views/posts/index.html.mustache:1:in `_run_mustache_app47views47posts47index46html46mustache'

Rendered rescues/_trace (51.9ms)
Rendered rescues/_request_and_response (1.5ms)
Rendering rescues/layout (internal_server_error)


Processing PostsController#index (for 127.0.0.1 at 2009-10-05 02:19:13) [GET]
Rendering template within layouts/posts
Rendering posts/index
  [4;36;1mPost Load (0.5ms)[0m   [0;1mSELECT * FROM "posts" [0m
Completed in 16ms (View: 13, DB: 0) | 200 OK [http://localhost/posts]


Processing PostsController#index (for 127.0.0.1 at 2009-10-05 02:21:17) [GET]
Rendering template within layouts/posts
Rendering posts/index
  [4;35;1mPost Load (0.5ms)[0m   [0mSELECT * FROM "posts" [0m

ActionView::TemplateError (Can't find title in {"title"=>"test", "content"=>"test32", "published_at"=>Mon, 05 Oct 2009 06:18:00 UTC +00:00}) on line #1 of app/views/posts/index.html.mustache:
1: <h1>Listing posts</h1>
2: 
3: <table>
4:   <tr>

    config/initializers/mustache_ride.rb:18:in `render'
    app/views/posts/index.html.mustache:1:in `_run_mustache_app47views47posts47index46html46mustache'

Rendered rescues/_trace (131.4ms)
Rendered rescues/_request_and_response (0.3ms)
Rendering rescues/layout (internal_server_error)


Processing PostsController#index (for 127.0.0.1 at 2009-10-05 02:21:44) [GET]
Rendering template within layouts/posts
Rendering posts/index
  [4;36;1mPost Load (0.9ms)[0m   [0;1mSELECT * FROM "posts" [0m
Completed in 22ms (View: 15, DB: 1) | 200 OK [http://localhost/posts]


Processing PostsController#index (for 127.0.0.1 at 2009-10-05 02:23:17) [GET]
Rendering template within layouts/posts
Rendering posts/index
  [4;35;1mPost Load (0.5ms)[0m   [0mSELECT * FROM "posts" [0m

ActionView::TemplateError (You have a nil object when you didn't expect it!
The error occurred while evaluating nil.url_for) on line #1 of app/views/posts/index.html.mustache:
1: <h1>Listing posts</h1>
2: 
3: <table>
4:   <tr>

    (eval):16:in `post_path'
    app/mustaches/posts/index.rb:8:in `posts'
    app/mustaches/posts/index.rb:3:in `map'
    app/mustaches/posts/index.rb:3:in `posts'
    config/initializers/mustache_ride.rb:18:in `render'
    app/views/posts/index.html.mustache:1:in `_run_mustache_app47views47posts47index46html46mustache'

Rendered rescues/_trace (66.8ms)
Rendered rescues/_request_and_response (0.3ms)
Rendering rescues/layout (internal_server_error)


Processing PostsController#index (for 127.0.0.1 at 2009-10-05 02:23:48) [GET]
Rendering template within layouts/posts
Rendering posts/index
  [4;36;1mPost Load (0.5ms)[0m   [0;1mSELECT * FROM "posts" [0m

ActionView::TemplateError (Can't find show_href in {:title=>"test", :content=>"test32", :published_at=>Mon, 05 Oct 2009 06:18:00 UTC +00:00}) on line #1 of app/views/posts/index.html.mustache:
1: <h1>Listing posts</h1>
2: 
3: <table>
4:   <tr>

    config/initializers/mustache_ride.rb:18:in `render'
    app/views/posts/index.html.mustache:1:in `_run_mustache_app47views47posts47index46html46mustache'

Rendered rescues/_trace (53.1ms)
Rendered rescues/_request_and_response (0.3ms)
Rendering rescues/layout (internal_server_error)


Processing PostsController#index (for 127.0.0.1 at 2009-10-05 02:24:00) [GET]
Rendering template within layouts/posts
Rendering posts/index

ActionView::TemplateError (/Users/nichoj/code/experimental/mustache-ride/app/mustaches/posts/index.rb:8: syntax error, unexpected tSYMBEG, expecting '}'
        :show_href => 'zomg',
         ^
/Users/nichoj/code/experimental/mustache-ride/app/mustaches/posts/index.rb:8: syntax error, unexpected ',', expecting kEND
/Users/nichoj/code/experimental/mustache-ride/app/mustaches/posts/index.rb:10: syntax error, unexpected '}', expecting kEND
/Users/nichoj/code/experimental/mustache-ride/app/mustaches/posts/index.rb:17: syntax error, unexpected $end, expecting kEND) on line #1 of app/views/posts/index.html.mustache:
1: <h1>Listing posts</h1>
2: 
3: <table>
4:   <tr>

    config/initializers/mustache_ride.rb:11:in `render'
    app/views/posts/index.html.mustache:1:in `_run_mustache_app47views47posts47index46html46mustache'

Rendered rescues/_trace (48.6ms)
Rendered rescues/_request_and_response (0.5ms)
Rendering rescues/layout (internal_server_error)


Processing PostsController#index (for 127.0.0.1 at 2009-10-05 02:24:04) [GET]
Rendering template within layouts/posts
Rendering posts/index
  [4;35;1mPost Load (0.5ms)[0m   [0mSELECT * FROM "posts" [0m
Completed in 12ms (View: 10, DB: 0) | 200 OK [http://localhost/posts]


Processing PostsController#index (for 127.0.0.1 at 2009-10-05 02:24:20) [GET]
Rendering template within layouts/posts
Rendering posts/index
  [4;36;1mPost Load (0.9ms)[0m   [0;1mSELECT * FROM "posts" [0m

ActionView::TemplateError (You have a nil object when you didn't expect it!
The error occurred while evaluating nil.url_for) on line #1 of app/views/posts/index.html.mustache:
1: <h1>Listing posts</h1>
2: 
3: <table>
4:   <tr>

    (eval):16:in `edit_post_path'
    app/mustaches/posts/index.rb:9:in `posts'
    app/mustaches/posts/index.rb:3:in `map'
    app/mustaches/posts/index.rb:3:in `posts'
    config/initializers/mustache_ride.rb:18:in `render'
    app/views/posts/index.html.mustache:1:in `_run_mustache_app47views47posts47index46html46mustache'

Rendered rescues/_trace (51.8ms)
Rendered rescues/_request_and_response (0.2ms)
Rendering rescues/layout (internal_server_error)


Processing PostsController#index (for 127.0.0.1 at 2009-10-05 02:25:29) [GET]
Rendering template within layouts/posts
Rendering posts/index
  [4;36;1mPost Load (0.9ms)[0m   [0;1mSELECT * FROM "posts" [0m
Completed in 87ms (View: 84, DB: 1) | 200 OK [http://localhost/posts]


Processing PostsController#index (for 127.0.0.1 at 2009-10-05 02:25:48) [GET]
Rendering template within layouts/posts
Rendering posts/index
  [4;35;1mPost Load (0.8ms)[0m   [0mSELECT * FROM "posts" [0m

ActionView::TemplateError (undefined method `show_post_path' for #<Posts::Index:0x18660f4>) on line #1 of app/views/posts/index.html.mustache:
1: <h1>Listing posts</h1>
2: 
3: <table>
4:   <tr>

    app/mustaches/posts/index.rb:8:in `posts'
    app/mustaches/posts/index.rb:3:in `map'
    app/mustaches/posts/index.rb:3:in `posts'
    config/initializers/mustache_ride.rb:19:in `render'
    app/views/posts/index.html.mustache:1:in `_run_mustache_app47views47posts47index46html46mustache'

Rendered rescues/_trace (49.4ms)
Rendered rescues/_request_and_response (1.6ms)
Rendering rescues/layout (internal_server_error)


Processing PostsController#index (for 127.0.0.1 at 2009-10-05 02:25:55) [GET]
Rendering template within layouts/posts
Rendering posts/index
  [4;36;1mPost Load (2.2ms)[0m   [0;1mSELECT * FROM "posts" [0m
Completed in 18ms (View: 13, DB: 2) | 200 OK [http://localhost/posts]


Processing PostsController#index (for 127.0.0.1 at 2009-10-05 10:27:16) [GET]
Rendering template within layouts/posts
Rendering posts/index
  [4;35;1mPost Load (0.5ms)[0m   [0mSELECT * FROM "posts" [0m
Completed in 83ms (View: 81, DB: 0) | 200 OK [http://localhost/posts]
